1000	FIRST     START     1000           
1000	          LDX       ZERO           041038
1003	RLOOP     TD        INDEV          E01036
1006	          JEQ       RLOOP          301003
1009	          RD        INDEV          D81036
100C	          COMP      ZERO           281038
100F	          JEQ       EXIT           30101B
1012	          STCH      BUFFER         549041
1015	          TIX       MAXLEN         2C103B
1018	          JLT       RLOOP          381003
101B	EXIT      STX       LENGTH         10103E
101E	          LDX       ZERO           041038
1021	WLOOP     TD        OUTDEV         E01037
1024	          JEQ       WLOOP          301021
1027	          LDCH      BUFFER         509041
102A	          WD        OUTDEV         DC1037
102D	          TIX       LENGTH         2C103E
1030	          JLT       WLOOP          381021
1033	          RSUB                     4C0000
1036	INDEV     BYTE      X'F1'          F1
1037	OUTDEV    BYTE      X'06'          06
1038	ZERO      WORD      0              000000
103B	MAXLEN    WORD      4096           001000
103E	LENGTH    RESW      1              
1041	BUFFER    RESB      4096           
2041	          END       FIRST          
